# JRE version: OpenJDK Runtime Environment (8.0_212-b04) (build 1.8.0_212-release-1586-b04)
# Java VM: OpenJDK 64-Bit Server VM (25.212-b04 mixed mode windows-amd64 compressed oops)
Heap:
 PSYoungGen      total 185856K, used 78936K [0x00000000e0000000, 0x00000000f2f00000, 0x0000000100000000)
  eden space 171520K, 37% used [0x00000000e0000000,0x00000000e3f1e258,0x00000000ea780000)
  from space 14336K, 99% used [0x00000000ea780000,0x00000000eb578040,0x00000000eb580000)
  to   space 18944K, 0% used [0x00000000f1c80000,0x00000000f1c80000,0x00000000f2f00000)
 ParOldGen       total 114176K, used 24315K [0x00000000a0000000, 0x00000000a6f80000, 0x00000000e0000000)
  object space 114176K, 21% used [0x00000000a0000000,0x00000000a17bee68,0x00000000a6f80000)
 Metaspace       used 52063K, capacity 53480K, committed 53592K, reserved 1095680K
  class space    used 7082K, capacity 7506K, committed 7552K, reserved 1048576K
GC Heap History (10 events):
Event: 40.875 GC heap before
{Heap before GC invocations=5 (full 1):
 PSYoungGen      total 106496K, used 8188K [0x00000000e0000000, 0x00000000e7000000, 0x0000000100000000)
  eden space 98304K, 0% used [0x00000000e0000000,0x00000000e0000000,0x00000000e6000000)
  from space 8192K, 99% used [0x00000000e6800000,0x00000000e6fff180,0x00000000e7000000)
  to   space 8192K, 0% used [0x00000000e6000000,0x00000000e6000000,0x00000000e6800000)
 ParOldGen       total 131072K, used 2698K [0x00000000a0000000, 0x00000000a8000000, 0x00000000e0000000)
  object space 131072K, 2% used [0x00000000a0000000,0x00000000a02a2be0,0x00000000a8000000)
 Metaspace       used 20774K, capacity 21064K, committed 21248K, reserved 1067008K
  class space    used 2872K, capacity 3004K, committed 3072K, reserved 1048576K
Event: 41.094 GC heap after
Heap after GC invocations=5 (full 1):
 PSYoungGen      total 106496K, used 0K [0x00000000e0000000, 0x00000000e7000000, 0x0000000100000000)
  eden space 98304K, 0% used [0x00000000e0000000,0x00000000e0000000,0x00000000e6000000)
  from space 8192K, 0% used [0x00000000e6800000,0x00000000e6800000,0x00000000e7000000)
  to   space 8192K, 0% used [0x00000000e6000000,0x00000000e6000000,0x00000000e6800000)
 ParOldGen       total 71168K, used 9043K [0x00000000a0000000, 0x00000000a4580000, 0x00000000e0000000)
  object space 71168K, 12% used [0x00000000a0000000,0x00000000a08d4c90,0x00000000a4580000)
 Metaspace       used 20774K, capacity 21064K, committed 21248K, reserved 1067008K
  class space    used 2872K, capacity 3004K, committed 3072K, reserved 1048576K
}
Event: 61.354 GC heap before
{Heap before GC invocations=6 (full 1):
 PSYoungGen      total 106496K, used 98304K [0x00000000e0000000, 0x00000000e7000000, 0x0000000100000000)
  eden space 98304K, 100% used [0x00000000e0000000,0x00000000e6000000,0x00000000e6000000)
  from space 8192K, 0% used [0x00000000e6800000,0x00000000e6800000,0x00000000e7000000)
  to   space 8192K, 0% used [0x00000000e6000000,0x00000000e6000000,0x00000000e6800000)
 ParOldGen       total 71168K, used 9043K [0x00000000a0000000, 0x00000000a4580000, 0x00000000e0000000)
  object space 71168K, 12% used [0x00000000a0000000,0x00000000a08d4c90,0x00000000a4580000)
 Metaspace       used 29476K, capacity 29858K, committed 30080K, reserved 1075200K
  class space    used 4017K, capacity 4182K, committed 4224K, reserved 1048576K
Event: 61.564 GC heap after
Heap after GC invocations=6 (full 1):
 PSYoungGen      total 106496K, used 8163K [0x00000000e0000000, 0x00000000ec200000, 0x0000000100000000)
  eden space 98304K, 0% used [0x00000000e0000000,0x00000000e0000000,0x00000000e6000000)
  from space 8192K, 99% used [0x00000000e6000000,0x00000000e67f8f48,0x00000000e6800000)
  to   space 12800K, 0% used [0x00000000eb580000,0x00000000eb580000,0x00000000ec200000)
 ParOldGen       total 71168K, used 11164K [0x00000000a0000000, 0x00000000a4580000, 0x00000000e0000000)
  object space 71168K, 15% used [0x00000000a0000000,0x00000000a0ae7210,0x00000000a4580000)
 Metaspace       used 29476K, capacity 29858K, committed 30080K, reserved 1075200K
  class space    used 4017K, capacity 4182K, committed 4224K, reserved 1048576K
}
Event: 77.706 GC heap before
{Heap before GC invocations=7 (full 1):
 PSYoungGen      total 106496K, used 97976K [0x00000000e0000000, 0x00000000ec200000, 0x0000000100000000)
  eden space 98304K, 91% used [0x00000000e0000000,0x00000000e57b5250,0x00000000e6000000)
  from space 8192K, 99% used [0x00000000e6000000,0x00000000e67f8f48,0x00000000e6800000)
  to   space 12800K, 0% used [0x00000000eb580000,0x00000000eb580000,0x00000000ec200000)
 ParOldGen       total 71168K, used 11164K [0x00000000a0000000, 0x00000000a4580000, 0x00000000e0000000)
  object space 71168K, 15% used [0x00000000a0000000,0x00000000a0ae7210,0x00000000a4580000)
 Metaspace       used 34831K, capacity 35364K, committed 35416K, reserved 1079296K
  class space    used 4784K, capacity 4984K, committed 4992K, reserved 1048576K
Event: 78.417 GC heap after
Heap after GC invocations=7 (full 1):
 PSYoungGen      total 184320K, used 12778K [0x00000000e0000000, 0x00000000eca80000, 0x0000000100000000)
  eden space 171520K, 0% used [0x00000000e0000000,0x00000000e0000000,0x00000000ea780000)
  from space 12800K, 99% used [0x00000000eb580000,0x00000000ec1fa998,0x00000000ec200000)
  to   space 14336K, 0% used [0x00000000ea780000,0x00000000ea780000,0x00000000eb580000)
 ParOldGen       total 71168K, used 11216K [0x00000000a0000000, 0x00000000a4580000, 0x00000000e0000000)
  object space 71168K, 15% used [0x00000000a0000000,0x00000000a0af41b8,0x00000000a4580000)
 Metaspace       used 34831K, capacity 35364K, committed 35416K, reserved 1079296K
  class space    used 4784K, capacity 4984K, committed 4992K, reserved 1048576K
}
Event: 78.417 GC heap before
{Heap before GC invocations=8 (full 2):
 PSYoungGen      total 184320K, used 12778K [0x00000000e0000000, 0x00000000eca80000, 0x0000000100000000)
  eden space 171520K, 0% used [0x00000000e0000000,0x00000000e0000000,0x00000000ea780000)
  from space 12800K, 99% used [0x00000000eb580000,0x00000000ec1fa998,0x00000000ec200000)
  to   space 14336K, 0% used [0x00000000ea780000,0x00000000ea780000,0x00000000eb580000)
 ParOldGen       total 71168K, used 11216K [0x00000000a0000000, 0x00000000a4580000, 0x00000000e0000000)
  object space 71168K, 15% used [0x00000000a0000000,0x00000000a0af41b8,0x00000000a4580000)
 Metaspace       used 34831K, capacity 35364K, committed 35416K, reserved 1079296K
  class space    used 4784K, capacity 4984K, committed 4992K, reserved 1048576K
Event: 80.304 GC heap after
Heap after GC invocations=8 (full 2):
 PSYoungGen      total 184320K, used 0K [0x00000000e0000000, 0x00000000eca80000, 0x0000000100000000)
  eden space 171520K, 0% used [0x00000000e0000000,0x00000000e0000000,0x00000000ea780000)
  from space 12800K, 0% used [0x00000000eb580000,0x00000000eb580000,0x00000000ec200000)
  to   space 14336K, 0% used [0x00000000ea780000,0x00000000ea780000,0x00000000eb580000)
 ParOldGen       total 114176K, used 19090K [0x00000000a0000000, 0x00000000a6f80000, 0x00000000e0000000)
  object space 114176K, 16% used [0x00000000a0000000,0x00000000a12a4a58,0x00000000a6f80000)
 Metaspace       used 34831K, capacity 35364K, committed 35416K, reserved 1079296K
  class space    used 4784K, capacity 4984K, committed 4992K, reserved 1048576K
}
Event: 112.091 GC heap before
{Heap before GC invocations=9 (full 2):
 PSYoungGen      total 184320K, used 171520K [0x00000000e0000000, 0x00000000eca80000, 0x0000000100000000)
  eden space 171520K, 100% used [0x00000000e0000000,0x00000000ea780000,0x00000000ea780000)
  from space 12800K, 0% used [0x00000000eb580000,0x00000000eb580000,0x00000000ec200000)
  to   space 14336K, 0% used [0x00000000ea780000,0x00000000ea780000,0x00000000eb580000)
 ParOldGen       total 114176K, used 19090K [0x00000000a0000000, 0x00000000a6f80000, 0x00000000e0000000)
  object space 114176K, 16% used [0x00000000a0000000,0x00000000a12a4a58,0x00000000a6f80000)
 Metaspace       used 47557K, capacity 48742K, committed 49112K, reserved 1091584K
  class space    used 6422K, capacity 6793K, committed 6912K, reserved 1048576K
Event: 115.298 GC heap after
Heap after GC invocations=9 (full 2):
 PSYoungGen      total 185856K, used 14304K [0x00000000e0000000, 0x00000000f2f00000, 0x0000000100000000)
  eden space 171520K, 0% used [0x00000000e0000000,0x00000000e0000000,0x00000000ea780000)
  from space 14336K, 99% used [0x00000000ea780000,0x00000000eb578040,0x00000000eb580000)
  to   space 18944K, 0% used [0x00000000f1c80000,0x00000000f1c80000,0x00000000f2f00000)
 ParOldGen       total 114176K, used 24315K [0x00000000a0000000, 0x00000000a6f80000, 0x00000000e0000000)
  object space 114176K, 21% used [0x00000000a0000000,0x00000000a17bee68,0x00000000a6f80000)
 Metaspace       used 47557K, capacity 48742K, committed 49112K, reserved 1091584K
  class space    used 6422K, capacity 6793K, committed 6912K, reserved 1048576K
}

